
  .   ____          _            __ _ _
 /\\ / ___'_ __ _ _(_)_ __  __ _ \ \ \ \
( ( )\___ | '_ | '_| | '_ \/ _` | \ \ \ \
 \\/  ___)| |_)| | | | | || (_| |  ) ) ) )
  '  |____| .__|_| |_|_| |_\__, | / / / /
 =========|_|==============|___/=/_/_/_/
 :: Spring Boot ::        (v2.3.0.RELEASE)

2020-07-11 10:07:44.457  INFO 5529 --- [           main] xyz.subho.retail.banking.Application     : Starting Application v0.1.0 on jenkins-master1 with PID 5529 (/root/Retail-Banking-App/target/retail.banking-0.1.0.jar started by root in /root/Retail-Banking-App/target)
2020-07-11 10:07:44.468  INFO 5529 --- [           main] xyz.subho.retail.banking.Application     : No active profile set, falling back to default profiles: default
2020-07-11 10:07:46.669  INFO 5529 --- [           main] .s.d.r.c.RepositoryConfigurationDelegate : Bootstrapping Spring Data JPA repositories in DEFERRED mode.
2020-07-11 10:07:46.864  INFO 5529 --- [           main] .s.d.r.c.RepositoryConfigurationDelegate : Finished Spring Data repository scanning in 175ms. Found 7 JPA repository interfaces.
2020-07-11 10:07:47.642  INFO 5529 --- [           main] trationDelegate$BeanPostProcessorChecker : Bean 'org.springframework.security.access.expression.method.DefaultMethodSecurityExpressionHandler@67c27493' of type [org.springframework.security.access.expression.method.DefaultMethodSecurityExpressionHandler] is not eligible for getting processed by all BeanPostProcessors (for example: not eligible for auto-proxying)
2020-07-11 10:07:47.652  INFO 5529 --- [           main] trationDelegate$BeanPostProcessorChecker : Bean 'methodSecurityMetadataSource' of type [org.springframework.security.access.method.DelegatingMethodSecurityMetadataSource] is not eligible for getting processed by all BeanPostProcessors (for example: not eligible for auto-proxying)
2020-07-11 10:07:48.208  INFO 5529 --- [           main] o.s.b.w.embedded.tomcat.TomcatWebServer  : Tomcat initialized with port(s): 8080 (http)
2020-07-11 10:07:48.230  INFO 5529 --- [           main] o.apache.catalina.core.StandardService   : Starting service [Tomcat]
2020-07-11 10:07:48.230  INFO 5529 --- [           main] org.apache.catalina.core.StandardEngine  : Starting Servlet engine: [Apache Tomcat/9.0.35]
2020-07-11 10:07:48.345  INFO 5529 --- [           main] o.a.c.c.C.[Tomcat].[localhost].[/]       : Initializing Spring embedded WebApplicationContext
2020-07-11 10:07:48.345  INFO 5529 --- [           main] o.s.web.context.ContextLoader            : Root WebApplicationContext: initialization completed in 3691 ms
2020-07-11 10:07:48.900  INFO 5529 --- [           main] o.s.s.concurrent.ThreadPoolTaskExecutor  : Initializing ExecutorService 'applicationTaskExecutor'
2020-07-11 10:07:49.219  INFO 5529 --- [         task-1] o.hibernate.jpa.internal.util.LogHelper  : HHH000204: Processing PersistenceUnitInfo [name: default]
2020-07-11 10:07:49.277  WARN 5529 --- [           main] JpaBaseConfiguration$JpaWebConfiguration : spring.jpa.open-in-view is enabled by default. Therefore, database queries may be performed during view rendering. Explicitly configure spring.jpa.open-in-view to disable this warning
2020-07-11 10:07:50.150  INFO 5529 --- [           main] o.s.s.web.DefaultSecurityFilterChain     : Creating filter chain: any request, [org.springframework.security.web.context.request.async.WebAsyncManagerIntegrationFilter@47d9a273, org.springframework.security.web.context.SecurityContextPersistenceFilter@54bff557, org.springframework.security.web.header.HeaderWriterFilter@c88a337, org.springframework.security.web.authentication.logout.LogoutFilter@3ee37e5a, org.springframework.security.web.authentication.UsernamePasswordAuthenticationFilter@201a4587, org.springframework.security.web.savedrequest.RequestCacheAwareFilter@5a56cdac, org.springframework.security.web.servletapi.SecurityContextHolderAwareRequestFilter@5b03b9fe, org.springframework.security.web.authentication.rememberme.RememberMeAuthenticationFilter@54a7079e, org.springframework.security.web.authentication.AnonymousAuthenticationFilter@4b8ee4de, org.springframework.security.web.session.SessionManagementFilter@485966cc, org.springframework.security.web.access.ExceptionTranslationFilter@43dac38f, org.springframework.security.web.access.intercept.FilterSecurityInterceptor@659499f1]
2020-07-11 10:07:50.518  INFO 5529 --- [         task-1] org.hibernate.Version                    : HHH000412: Hibernate ORM core version 5.4.15.Final
2020-07-11 10:07:50.842  INFO 5529 --- [         task-1] o.hibernate.annotations.common.Version   : HCANN000001: Hibernate Commons Annotations {5.1.0.Final}
2020-07-11 10:07:51.228  INFO 5529 --- [         task-1] com.zaxxer.hikari.HikariDataSource       : HikariPool-1 - Starting...
2020-07-11 10:07:53.982  INFO 5529 --- [         task-1] com.zaxxer.hikari.HikariDataSource       : HikariPool-1 - Start completed.
2020-07-11 10:07:54.061  INFO 5529 --- [         task-1] org.hibernate.dialect.Dialect            : HHH000400: Using dialect: org.hibernate.dialect.MySQLInnoDBDialect
2020-07-11 10:07:58.083  INFO 5529 --- [         task-1] o.h.e.t.j.p.i.JtaPlatformInitiator       : HHH000490: Using JtaPlatform implementation: [org.hibernate.engine.transaction.jta.platform.internal.NoJtaPlatform]
2020-07-11 10:07:58.102  INFO 5529 --- [         task-1] j.LocalContainerEntityManagerFactoryBean : Initialized JPA EntityManagerFactory for persistence unit 'default'
2020-07-11 10:07:58.899  INFO 5529 --- [           main] o.s.b.a.w.s.WelcomePageHandlerMapping    : Adding welcome page template: index
2020-07-11 10:07:59.208  INFO 5529 --- [           main] o.s.b.w.embedded.tomcat.TomcatWebServer  : Tomcat started on port(s): 8080 (http) with context path ''
2020-07-11 10:07:59.209  INFO 5529 --- [           main] DeferredRepositoryInitializationListener : Triggering deferred initialization of Spring Data repositories…
2020-07-11 10:07:59.554  INFO 5529 --- [           main] DeferredRepositoryInitializationListener : Spring Data repositories initialized!
2020-07-11 10:07:59.570  INFO 5529 --- [           main] xyz.subho.retail.banking.Application     : Started Application in 16.266 seconds (JVM running for 17.062)
2020-07-11 10:08:01.747  INFO 5529 --- [nio-8080-exec-1] o.a.c.c.C.[Tomcat].[localhost].[/]       : Initializing Spring DispatcherServlet 'dispatcherServlet'
2020-07-11 10:08:01.747  INFO 5529 --- [nio-8080-exec-1] o.s.web.servlet.DispatcherServlet        : Initializing Servlet 'dispatcherServlet'
2020-07-11 10:08:01.765  INFO 5529 --- [nio-8080-exec-1] o.s.web.servlet.DispatcherServlet        : Completed initialization in 17 ms
